<?xml version="1.0" encoding="UTF-8"?>
<testsuite xmlns:xsi="http://www.w3.org/2001/XMLSchema-instance" xsi:noNamespaceSchemaLocation="https://maven.apache.org/surefire/maven-surefire-plugin/xsd/surefire-test-report-3.0.xsd" version="3.0" name="TestSuite" time="100.881" tests="6" errors="0" skipped="0" failures="3">
  <properties>
[...]
</properties>
  <testcase name="myLogin[anna@gmail.com, Thiru123, Anna anna](1)" classname="TestCaseClasses.VerifyRegistrationadnLoginDP" time="9.656">
    <system-out><![CDATA[[DEBUG] 2025-06-17 16:15:39.720 {main} TestNG - suiteXmlPath: "C:\Users\ThirupathiAnnarapu\Desktop\RestAssured\SeleniumFrameWorkByPrachi\testng.xml"
[DEBUG] 2025-06-17 16:15:40.801 {main} PackageRelationshipCollection - Parsing relationship: /xl/_rels/workbook.xml.rels
[DEBUG] 2025-06-17 16:15:40.803 {main} PackageRelationshipCollection - Parsing relationship: /xl/worksheets/_rels/sheet1.xml.rels
[DEBUG] 2025-06-17 16:15:40.805 {main} PackageRelationshipCollection - Parsing relationship: /_rels/.rels
[DEBUG] 2025-06-17 16:15:41.328 {main} PackageRelationshipCollection - Parsing relationship: /xl/_rels/workbook.xml.rels
[DEBUG] 2025-06-17 16:15:41.330 {main} PackageRelationshipCollection - Parsing relationship: /xl/worksheets/_rels/sheet1.xml.rels
[DEBUG] 2025-06-17 16:15:41.333 {main} PackageRelationshipCollection - Parsing relationship: /_rels/.rels
[DEBUG] 2025-06-17 16:15:41.378 {main} PackageRelationshipCollection - Parsing relationship: /xl/_rels/workbook.xml.rels
[DEBUG] 2025-06-17 16:15:41.379 {main} PackageRelationshipCollection - Parsing relationship: /xl/worksheets/_rels/sheet1.xml.rels
[DEBUG] 2025-06-17 16:15:41.381 {main} PackageRelationshipCollection - Parsing relationship: /_rels/.rels
[DEBUG] 2025-06-17 16:15:41.424 {main} PackageRelationshipCollection - Parsing relationship: /xl/_rels/workbook.xml.rels
[DEBUG] 2025-06-17 16:15:41.425 {main} PackageRelationshipCollection - Parsing relationship: /xl/worksheets/_rels/sheet1.xml.rels
[DEBUG] 2025-06-17 16:15:41.426 {main} PackageRelationshipCollection - Parsing relationship: /_rels/.rels
[DEBUG] 2025-06-17 16:15:41.457 {main} PackageRelationshipCollection - Parsing relationship: /xl/_rels/workbook.xml.rels
[DEBUG] 2025-06-17 16:15:41.458 {main} PackageRelationshipCollection - Parsing relationship: /xl/worksheets/_rels/sheet1.xml.rels
[DEBUG] 2025-06-17 16:15:41.460 {main} PackageRelationshipCollection - Parsing relationship: /_rels/.rels
[DEBUG] 2025-06-17 16:15:41.509 {main} PackageRelationshipCollection - Parsing relationship: /xl/_rels/workbook.xml.rels
[DEBUG] 2025-06-17 16:15:41.510 {main} PackageRelationshipCollection - Parsing relationship: /xl/worksheets/_rels/sheet1.xml.rels
[DEBUG] 2025-06-17 16:15:41.511 {main} PackageRelationshipCollection - Parsing relationship: /_rels/.rels
[DEBUG] 2025-06-17 16:15:41.543 {main} PackageRelationshipCollection - Parsing relationship: /xl/_rels/workbook.xml.rels
[DEBUG] 2025-06-17 16:15:41.544 {main} PackageRelationshipCollection - Parsing relationship: /xl/worksheets/_rels/sheet1.xml.rels
[DEBUG] 2025-06-17 16:15:41.545 {main} PackageRelationshipCollection - Parsing relationship: /_rels/.rels
[DEBUG] 2025-06-17 16:15:41.573 {main} PackageRelationshipCollection - Parsing relationship: /xl/_rels/workbook.xml.rels
[DEBUG] 2025-06-17 16:15:41.574 {main} PackageRelationshipCollection - Parsing relationship: /xl/worksheets/_rels/sheet1.xml.rels
[DEBUG] 2025-06-17 16:15:41.575 {main} PackageRelationshipCollection - Parsing relationship: /_rels/.rels
[DEBUG] 2025-06-17 16:15:41.613 {main} PackageRelationshipCollection - Parsing relationship: /xl/_rels/workbook.xml.rels
[DEBUG] 2025-06-17 16:15:41.614 {main} PackageRelationshipCollection - Parsing relationship: /xl/worksheets/_rels/sheet1.xml.rels
[DEBUG] 2025-06-17 16:15:41.617 {main} PackageRelationshipCollection - Parsing relationship: /_rels/.rels
[DEBUG] 2025-06-17 16:15:41.644 {main} PackageRelationshipCollection - Parsing relationship: /xl/_rels/workbook.xml.rels
[DEBUG] 2025-06-17 16:15:41.645 {main} PackageRelationshipCollection - Parsing relationship: /xl/worksheets/_rels/sheet1.xml.rels
[DEBUG] 2025-06-17 16:15:41.646 {main} PackageRelationshipCollection - Parsing relationship: /_rels/.rels
[DEBUG] 2025-06-17 16:15:41.676 {main} PackageRelationshipCollection - Parsing relationship: /xl/_rels/workbook.xml.rels
[DEBUG] 2025-06-17 16:15:41.677 {main} PackageRelationshipCollection - Parsing relationship: /xl/worksheets/_rels/sheet1.xml.rels
[DEBUG] 2025-06-17 16:15:41.678 {main} PackageRelationshipCollection - Parsing relationship: /_rels/.rels
[DEBUG] 2025-06-17 16:15:42.265 {main} ResolutionCache - Resolution chrome=137 in cache (valid until 16:58:54 17/06/2025 IST)
[DEBUG] 2025-06-17 16:15:42.268 {main} ResolutionCache - Resolution chrome137=137.0.7151.70 in cache (valid until 15:58:54 18/06/2025 IST)
[INFO ] 2025-06-17 16:15:42.269 {main} WebDriverManager - Using chromedriver 137.0.7151.70 (resolved driver for Chrome 137)
[DEBUG] 2025-06-17 16:15:42.297 {main} WebDriverManager - Driver chromedriver 137.0.7151.70 found in cache
[INFO ] 2025-06-17 16:15:42.301 {main} WebDriverManager - Exporting webdriver.chrome.driver as C:\WINDOWS\system32\config\systemprofile\.cache\selenium\chromedriver\win64\137.0.7151.70\chromedriver.exe
[INFO ] 2025-06-17 16:15:43.548 {main} SeleniumProj - Browser launched successfully
[INFO ] 2025-06-17 16:15:44.768 {main} SeleniumProj - Opened URL
&&&&&&&&&&&&&&&&&&&&&&&&Anna anna
[INFO ] 2025-06-17 16:15:53.300 {main} SeleniumProj - Lodggedin successfully
[INFO ] 2025-06-17 16:15:54.408 {main} SeleniumProj - Lodgged out successfully
]]></system-out>
  </testcase>
  <testcase name="myLogin[bn@gmail.com, Thiru123, Thiru](2)" classname="TestCaseClasses.VerifyRegistrationadnLoginDP" time="14.144">
    <failure message="no such element: Unable to locate element: {&quot;method&quot;:&quot;css selector&quot;,&quot;selector&quot;:&quot;[title=&apos;View my customer account&apos;]&quot;}&#10;  (Session info: chrome=137.0.7151.70)&#10;For documentation on this error, please visit: https://www.selenium.dev/documentation/webdriver/troubleshooting/errors#no-such-element-exception&#10;Build info: version: &apos;4.33.0&apos;, revision: &apos;2c6aaad03a&apos;&#10;System info: os.name: &apos;Windows 10&apos;, os.arch: &apos;amd64&apos;, os.version: &apos;10.0&apos;, java.version: &apos;11.0.26&apos;&#10;Driver info: org.openqa.selenium.chrome.ChromeDriver&#10;Command: [55187cc33effdad71c7473890711ebe8, findElement {value=[title=&apos;View my customer account&apos;], using=css selector}]&#10;Capabilities {acceptInsecureCerts: false, browserName: chrome, browserVersion: 137.0.7151.70, chrome: {chromedriverVersion: 137.0.7151.70 (dfa4dc56b2ab..., userDataDir: C:\WINDOWS\SystemTemp\scope...}, fedcm:accounts: true, goog:chromeOptions: {debuggerAddress: localhost:63870}, networkConnectionEnabled: false, pageLoadStrategy: normal, platformName: windows, proxy: Proxy(), se:cdp: ws://localhost:63870/devtoo..., se:cdpVersion: 137.0.7151.70, setWindowRect: true, strictFileInteractability: false, timeouts: {implicit: 0, pageLoad: 300000, script: 30000}, unhandledPromptBehavior: dismiss and notify, webauthn:extension:credBlob: true, webauthn:extension:largeBlob: true, webauthn:extension:minPinLength: true, webauthn:extension:prf: true, webauthn:virtualAuthenticators: true}&#10;Session ID: 55187cc33effdad71c7473890711ebe8" type="org.openqa.selenium.NoSuchElementException"><![CDATA[org.openqa.selenium.NoSuchElementException: 
no such element: Unable to locate element: {"method":"css selector","selector":"[title='View my customer account']"}
  (Session info: chrome=137.0.7151.70)
For documentation on this error, please visit: https://www.selenium.dev/documentation/webdriver/troubleshooting/errors#no-such-element-exception
Build info: version: '4.33.0', revision: '2c6aaad03a'
System info: os.name: 'Windows 10', os.arch: 'amd64', os.version: '10.0', java.version: '11.0.26'
Driver info: org.openqa.selenium.chrome.ChromeDriver
Command: [55187cc33effdad71c7473890711ebe8, findElement {value=[title='View my customer account'], using=css selector}]
Capabilities {acceptInsecureCerts: false, browserName: chrome, browserVersion: 137.0.7151.70, chrome: {chromedriverVersion: 137.0.7151.70 (dfa4dc56b2ab..., userDataDir: C:\WINDOWS\SystemTemp\scope...}, fedcm:accounts: true, goog:chromeOptions: {debuggerAddress: localhost:63870}, networkConnectionEnabled: false, pageLoadStrategy: normal, platformName: windows, proxy: Proxy(), se:cdp: ws://localhost:63870/devtoo..., se:cdpVersion: 137.0.7151.70, setWindowRect: true, strictFileInteractability: false, timeouts: {implicit: 0, pageLoad: 300000, script: 30000}, unhandledPromptBehavior: dismiss and notify, webauthn:extension:credBlob: true, webauthn:extension:largeBlob: true, webauthn:extension:minPinLength: true, webauthn:extension:prf: true, webauthn:virtualAuthenticators: true}
Session ID: 55187cc33effdad71c7473890711ebe8
	at java.base/jdk.internal.reflect.NativeConstructorAccessorImpl.newInstance0(Native Method)
	at java.base/jdk.internal.reflect.NativeConstructorAccessorImpl.newInstance(NativeConstructorAccessorImpl.java:62)
	at java.base/jdk.internal.reflect.DelegatingConstructorAccessorImpl.newInstance(DelegatingConstructorAccessorImpl.java:45)
	at java.base/java.lang.reflect.Constructor.newInstance(Constructor.java:490)
	at org.openqa.selenium.remote.ErrorCodec.decode(ErrorCodec.java:167)
	at org.openqa.selenium.remote.codec.w3c.W3CHttpResponseCodec.decode(W3CHttpResponseCodec.java:138)
	at org.openqa.selenium.remote.codec.w3c.W3CHttpResponseCodec.decode(W3CHttpResponseCodec.java:50)
	at org.openqa.selenium.remote.HttpCommandExecutor.execute(HttpCommandExecutor.java:215)
	at org.openqa.selenium.remote.service.DriverCommandExecutor.invokeExecute(DriverCommandExecutor.java:216)
	at org.openqa.selenium.remote.service.DriverCommandExecutor.execute(DriverCommandExecutor.java:174)
	at org.openqa.selenium.remote.RemoteWebDriver.execute(RemoteWebDriver.java:544)
	at org.openqa.selenium.remote.ElementLocation$ElementFinder$2.findElement(ElementLocation.java:165)
	at org.openqa.selenium.remote.ElementLocation.findElement(ElementLocation.java:59)
	at org.openqa.selenium.remote.RemoteWebDriver.findElement(RemoteWebDriver.java:367)
	at org.openqa.selenium.remote.RemoteWebDriver.findElement(RemoteWebDriver.java:361)
	at org.openqa.selenium.support.pagefactory.DefaultElementLocator.findElement(DefaultElementLocator.java:68)
	at org.openqa.selenium.support.pagefactory.internal.LocatingElementHandler.invoke(LocatingElementHandler.java:38)
	at com.sun.proxy.$Proxy27.getText(Unknown Source)
	at PageObjectClasses.loginPage.linktextt(loginPage.java:44)
	at TestCaseClasses.VerifyRegistrationadnLoginDP.myLogin(VerifyRegistrationadnLoginDP.java:64)
	at java.base/jdk.internal.reflect.NativeMethodAccessorImpl.invoke0(Native Method)
	at java.base/jdk.internal.reflect.NativeMethodAccessorImpl.invoke(NativeMethodAccessorImpl.java:62)
	at java.base/jdk.internal.reflect.DelegatingMethodAccessorImpl.invoke(DelegatingMethodAccessorImpl.java:43)
	at java.base/java.lang.reflect.Method.invoke(Method.java:566)
	at org.testng.internal.invokers.MethodInvocationHelper.invokeMethod(MethodInvocationHelper.java:139)
	at org.testng.internal.invokers.TestInvoker.invokeMethod(TestInvoker.java:664)
	at org.testng.internal.invokers.TestInvoker.invokeTestMethod(TestInvoker.java:227)
	at org.testng.internal.invokers.MethodRunner.runInSequence(MethodRunner.java:50)
	at org.testng.internal.invokers.TestInvoker$MethodInvocationAgent.invoke(TestInvoker.java:957)
	at org.testng.internal.invokers.TestInvoker.invokeTestMethods(TestInvoker.java:200)
	at org.testng.internal.invokers.TestMethodWorker.invokeTestMethods(TestMethodWorker.java:148)
	at org.testng.internal.invokers.TestMethodWorker.run(TestMethodWorker.java:128)
	at java.base/java.util.ArrayList.forEach(ArrayList.java:1541)
	at org.testng.TestRunner.privateRun(TestRunner.java:848)
	at org.testng.TestRunner.run(TestRunner.java:621)
	at org.testng.SuiteRunner.runTest(SuiteRunner.java:443)
	at org.testng.SuiteRunner.runSequentially(SuiteRunner.java:437)
	at org.testng.SuiteRunner.privateRun(SuiteRunner.java:397)
	at org.testng.SuiteRunner.run(SuiteRunner.java:336)
	at org.testng.SuiteRunnerWorker.runSuite(SuiteRunnerWorker.java:52)
	at org.testng.SuiteRunnerWorker.run(SuiteRunnerWorker.java:95)
	at org.testng.TestNG.runSuitesSequentially(TestNG.java:1280)
	at org.testng.TestNG.runSuitesLocally(TestNG.java:1200)
	at org.testng.TestNG.runSuites(TestNG.java:1114)
	at org.testng.TestNG.run(TestNG.java:1082)
	at org.apache.maven.surefire.testng.TestNGExecutor.run(TestNGExecutor.java:308)
	at org.apache.maven.surefire.testng.TestNGXmlTestSuite.execute(TestNGXmlTestSuite.java:71)
	at org.apache.maven.surefire.testng.TestNGProvider.invoke(TestNGProvider.java:113)
	at org.apache.maven.surefire.booter.ForkedBooter.runSuitesInProcess(ForkedBooter.java:385)
	at org.apache.maven.surefire.booter.ForkedBooter.execute(ForkedBooter.java:162)
	at org.apache.maven.surefire.booter.ForkedBooter.run(ForkedBooter.java:507)
	at org.apache.maven.surefire.booter.ForkedBooter.main(ForkedBooter.java:495)
]]></failure>
    <system-out><![CDATA[[INFO ] 2025-06-17 16:15:54.429 {main} SeleniumProj - Browser closed successfully
[DEBUG] 2025-06-17 16:15:54.454 {main} ResolutionCache - Resolution chrome=137 in cache (valid until 16:58:54 17/06/2025 IST)
[DEBUG] 2025-06-17 16:15:54.455 {main} ResolutionCache - Resolution chrome137=137.0.7151.70 in cache (valid until 15:58:54 18/06/2025 IST)
[INFO ] 2025-06-17 16:15:54.456 {main} WebDriverManager - Using chromedriver 137.0.7151.70 (resolved driver for Chrome 137)
[DEBUG] 2025-06-17 16:15:54.470 {main} WebDriverManager - Driver chromedriver 137.0.7151.70 found in cache
[INFO ] 2025-06-17 16:15:54.472 {main} WebDriverManager - Exporting webdriver.chrome.driver as C:\WINDOWS\system32\config\systemprofile\.cache\selenium\chromedriver\win64\137.0.7151.70\chromedriver.exe
[INFO ] 2025-06-17 16:15:55.837 {main} SeleniumProj - Browser launched successfully
[INFO ] 2025-06-17 16:15:59.529 {main} SeleniumProj - Opened URL
]]></system-out>
  </testcase>
  <testcase name="myLogin[chennai@gmail.com, Thiru123, dfdsff](3)" classname="TestCaseClasses.VerifyRegistrationadnLoginDP" time="4.142">
    <failure message="expected [true] but found [false]" type="java.lang.AssertionError"><![CDATA[java.lang.AssertionError: expected [true] but found [false]
	at org.testng.Assert.fail(Assert.java:111)
	at org.testng.Assert.failNotEquals(Assert.java:1578)
	at org.testng.Assert.assertTrue(Assert.java:57)
	at org.testng.Assert.assertTrue(Assert.java:67)
	at TestCaseClasses.VerifyRegistrationadnLoginDP.myLogin(VerifyRegistrationadnLoginDP.java:75)
	at java.base/jdk.internal.reflect.NativeMethodAccessorImpl.invoke0(Native Method)
	at java.base/jdk.internal.reflect.NativeMethodAccessorImpl.invoke(NativeMethodAccessorImpl.java:62)
	at java.base/jdk.internal.reflect.DelegatingMethodAccessorImpl.invoke(DelegatingMethodAccessorImpl.java:43)
	at java.base/java.lang.reflect.Method.invoke(Method.java:566)
	at org.testng.internal.invokers.MethodInvocationHelper.invokeMethod(MethodInvocationHelper.java:139)
	at org.testng.internal.invokers.TestInvoker.invokeMethod(TestInvoker.java:664)
	at org.testng.internal.invokers.TestInvoker.invokeTestMethod(TestInvoker.java:227)
	at org.testng.internal.invokers.MethodRunner.runInSequence(MethodRunner.java:50)
	at org.testng.internal.invokers.TestInvoker$MethodInvocationAgent.invoke(TestInvoker.java:957)
	at org.testng.internal.invokers.TestInvoker.invokeTestMethods(TestInvoker.java:200)
	at org.testng.internal.invokers.TestMethodWorker.invokeTestMethods(TestMethodWorker.java:148)
	at org.testng.internal.invokers.TestMethodWorker.run(TestMethodWorker.java:128)
	at java.base/java.util.ArrayList.forEach(ArrayList.java:1541)
	at org.testng.TestRunner.privateRun(TestRunner.java:848)
	at org.testng.TestRunner.run(TestRunner.java:621)
	at org.testng.SuiteRunner.runTest(SuiteRunner.java:443)
	at org.testng.SuiteRunner.runSequentially(SuiteRunner.java:437)
	at org.testng.SuiteRunner.privateRun(SuiteRunner.java:397)
	at org.testng.SuiteRunner.run(SuiteRunner.java:336)
	at org.testng.SuiteRunnerWorker.runSuite(SuiteRunnerWorker.java:52)
	at org.testng.SuiteRunnerWorker.run(SuiteRunnerWorker.java:95)
	at org.testng.TestNG.runSuitesSequentially(TestNG.java:1280)
	at org.testng.TestNG.runSuitesLocally(TestNG.java:1200)
	at org.testng.TestNG.runSuites(TestNG.java:1114)
	at org.testng.TestNG.run(TestNG.java:1082)
	at org.apache.maven.surefire.testng.TestNGExecutor.run(TestNGExecutor.java:308)
	at org.apache.maven.surefire.testng.TestNGXmlTestSuite.execute(TestNGXmlTestSuite.java:71)
	at org.apache.maven.surefire.testng.TestNGProvider.invoke(TestNGProvider.java:113)
	at org.apache.maven.surefire.booter.ForkedBooter.runSuitesInProcess(ForkedBooter.java:385)
	at org.apache.maven.surefire.booter.ForkedBooter.execute(ForkedBooter.java:162)
	at org.apache.maven.surefire.booter.ForkedBooter.run(ForkedBooter.java:507)
	at org.apache.maven.surefire.booter.ForkedBooter.main(ForkedBooter.java:495)
]]></failure>
    <system-out><![CDATA[[INFO ] 2025-06-17 16:16:13.676 {main} SeleniumProj - Browser closed successfully
[DEBUG] 2025-06-17 16:16:13.691 {main} ResolutionCache - Resolution chrome=137 in cache (valid until 16:58:54 17/06/2025 IST)
[DEBUG] 2025-06-17 16:16:13.692 {main} ResolutionCache - Resolution chrome137=137.0.7151.70 in cache (valid until 15:58:54 18/06/2025 IST)
[INFO ] 2025-06-17 16:16:13.692 {main} WebDriverManager - Using chromedriver 137.0.7151.70 (resolved driver for Chrome 137)
[DEBUG] 2025-06-17 16:16:13.699 {main} WebDriverManager - Driver chromedriver 137.0.7151.70 found in cache
[INFO ] 2025-06-17 16:16:13.700 {main} WebDriverManager - Exporting webdriver.chrome.driver as C:\WINDOWS\system32\config\systemprofile\.cache\selenium\chromedriver\win64\137.0.7151.70\chromedriver.exe
[INFO ] 2025-06-17 16:16:14.578 {main} SeleniumProj - Browser launched successfully
[INFO ] 2025-06-17 16:16:18.695 {main} SeleniumProj - Opened URL
&&&&&&&&&&&&&&&&&&&&&&&&Channai c
+++++++++++++++++++++++++++++
]]></system-out>
  </testcase>
  <testcase name="registerandlogin" classname="TestCaseClasses.VerifyRegistrationadnLogin" time="11.151">
    <failure message="no such element: Unable to locate element: {&quot;method&quot;:&quot;xpath&quot;,&quot;selector&quot;:&quot;//input[@name=&apos;id_gender&apos;][@id=&apos;id_gender1&apos;]&quot;}&#10;  (Session info: chrome=137.0.7151.70)&#10;For documentation on this error, please visit: https://www.selenium.dev/documentation/webdriver/troubleshooting/errors#no-such-element-exception&#10;Build info: version: &apos;4.33.0&apos;, revision: &apos;2c6aaad03a&apos;&#10;System info: os.name: &apos;Windows 10&apos;, os.arch: &apos;amd64&apos;, os.version: &apos;10.0&apos;, java.version: &apos;11.0.26&apos;&#10;Driver info: org.openqa.selenium.chrome.ChromeDriver&#10;Command: [8f4f2834337a116723cea8e61dadf748, findElement {value=//input[@name=&apos;id_gender&apos;][@id=&apos;id_gender1&apos;], using=xpath}]&#10;Capabilities {acceptInsecureCerts: false, browserName: chrome, browserVersion: 137.0.7151.70, chrome: {chromedriverVersion: 137.0.7151.70 (dfa4dc56b2ab..., userDataDir: C:\WINDOWS\SystemTemp\scope...}, fedcm:accounts: true, goog:chromeOptions: {debuggerAddress: localhost:63946}, networkConnectionEnabled: false, pageLoadStrategy: normal, platformName: windows, proxy: Proxy(), se:cdp: ws://localhost:63946/devtoo..., se:cdpVersion: 137.0.7151.70, setWindowRect: true, strictFileInteractability: false, timeouts: {implicit: 0, pageLoad: 300000, script: 30000}, unhandledPromptBehavior: dismiss and notify, webauthn:extension:credBlob: true, webauthn:extension:largeBlob: true, webauthn:extension:minPinLength: true, webauthn:extension:prf: true, webauthn:virtualAuthenticators: true}&#10;Session ID: 8f4f2834337a116723cea8e61dadf748" type="org.openqa.selenium.NoSuchElementException"><![CDATA[org.openqa.selenium.NoSuchElementException: 
no such element: Unable to locate element: {"method":"xpath","selector":"//input[@name='id_gender'][@id='id_gender1']"}
  (Session info: chrome=137.0.7151.70)
For documentation on this error, please visit: https://www.selenium.dev/documentation/webdriver/troubleshooting/errors#no-such-element-exception
Build info: version: '4.33.0', revision: '2c6aaad03a'
System info: os.name: 'Windows 10', os.arch: 'amd64', os.version: '10.0', java.version: '11.0.26'
Driver info: org.openqa.selenium.chrome.ChromeDriver
Command: [8f4f2834337a116723cea8e61dadf748, findElement {value=//input[@name='id_gender'][@id='id_gender1'], using=xpath}]
Capabilities {acceptInsecureCerts: false, browserName: chrome, browserVersion: 137.0.7151.70, chrome: {chromedriverVersion: 137.0.7151.70 (dfa4dc56b2ab..., userDataDir: C:\WINDOWS\SystemTemp\scope...}, fedcm:accounts: true, goog:chromeOptions: {debuggerAddress: localhost:63946}, networkConnectionEnabled: false, pageLoadStrategy: normal, platformName: windows, proxy: Proxy(), se:cdp: ws://localhost:63946/devtoo..., se:cdpVersion: 137.0.7151.70, setWindowRect: true, strictFileInteractability: false, timeouts: {implicit: 0, pageLoad: 300000, script: 30000}, unhandledPromptBehavior: dismiss and notify, webauthn:extension:credBlob: true, webauthn:extension:largeBlob: true, webauthn:extension:minPinLength: true, webauthn:extension:prf: true, webauthn:virtualAuthenticators: true}
Session ID: 8f4f2834337a116723cea8e61dadf748
	at java.base/jdk.internal.reflect.NativeConstructorAccessorImpl.newInstance0(Native Method)
	at java.base/jdk.internal.reflect.NativeConstructorAccessorImpl.newInstance(NativeConstructorAccessorImpl.java:62)
	at java.base/jdk.internal.reflect.DelegatingConstructorAccessorImpl.newInstance(DelegatingConstructorAccessorImpl.java:45)
	at java.base/java.lang.reflect.Constructor.newInstance(Constructor.java:490)
	at org.openqa.selenium.remote.ErrorCodec.decode(ErrorCodec.java:167)
	at org.openqa.selenium.remote.codec.w3c.W3CHttpResponseCodec.decode(W3CHttpResponseCodec.java:138)
	at org.openqa.selenium.remote.codec.w3c.W3CHttpResponseCodec.decode(W3CHttpResponseCodec.java:50)
	at org.openqa.selenium.remote.HttpCommandExecutor.execute(HttpCommandExecutor.java:215)
	at org.openqa.selenium.remote.service.DriverCommandExecutor.invokeExecute(DriverCommandExecutor.java:216)
	at org.openqa.selenium.remote.service.DriverCommandExecutor.execute(DriverCommandExecutor.java:174)
	at org.openqa.selenium.remote.RemoteWebDriver.execute(RemoteWebDriver.java:544)
	at org.openqa.selenium.remote.ElementLocation$ElementFinder$2.findElement(ElementLocation.java:165)
	at org.openqa.selenium.remote.ElementLocation.findElement(ElementLocation.java:59)
	at org.openqa.selenium.remote.RemoteWebDriver.findElement(RemoteWebDriver.java:367)
	at org.openqa.selenium.remote.RemoteWebDriver.findElement(RemoteWebDriver.java:361)
	at org.openqa.selenium.support.pagefactory.DefaultElementLocator.findElement(DefaultElementLocator.java:68)
	at org.openqa.selenium.support.pagefactory.internal.LocatingElementHandler.invoke(LocatingElementHandler.java:38)
	at com.sun.proxy.$Proxy27.click(Unknown Source)
	at PageObjectClasses.registrationDetails.selectMrRadio(registrationDetails.java:54)
	at TestCaseClasses.VerifyRegistrationadnLogin.registerandlogin(VerifyRegistrationadnLogin.java:27)
	at java.base/jdk.internal.reflect.NativeMethodAccessorImpl.invoke0(Native Method)
	at java.base/jdk.internal.reflect.NativeMethodAccessorImpl.invoke(NativeMethodAccessorImpl.java:62)
	at java.base/jdk.internal.reflect.DelegatingMethodAccessorImpl.invoke(DelegatingMethodAccessorImpl.java:43)
	at java.base/java.lang.reflect.Method.invoke(Method.java:566)
	at org.testng.internal.invokers.MethodInvocationHelper.invokeMethod(MethodInvocationHelper.java:139)
	at org.testng.internal.invokers.TestInvoker.invokeMethod(TestInvoker.java:664)
	at org.testng.internal.invokers.TestInvoker.invokeTestMethod(TestInvoker.java:227)
	at org.testng.internal.invokers.MethodRunner.runInSequence(MethodRunner.java:50)
	at org.testng.internal.invokers.TestInvoker$MethodInvocationAgent.invoke(TestInvoker.java:957)
	at org.testng.internal.invokers.TestInvoker.invokeTestMethods(TestInvoker.java:200)
	at org.testng.internal.invokers.TestMethodWorker.invokeTestMethods(TestMethodWorker.java:148)
	at org.testng.internal.invokers.TestMethodWorker.run(TestMethodWorker.java:128)
	at java.base/java.util.ArrayList.forEach(ArrayList.java:1541)
	at org.testng.TestRunner.privateRun(TestRunner.java:848)
	at org.testng.TestRunner.run(TestRunner.java:621)
	at org.testng.SuiteRunner.runTest(SuiteRunner.java:443)
	at org.testng.SuiteRunner.runSequentially(SuiteRunner.java:437)
	at org.testng.SuiteRunner.privateRun(SuiteRunner.java:397)
	at org.testng.SuiteRunner.run(SuiteRunner.java:336)
	at org.testng.SuiteRunnerWorker.runSuite(SuiteRunnerWorker.java:52)
	at org.testng.SuiteRunnerWorker.run(SuiteRunnerWorker.java:95)
	at org.testng.TestNG.runSuitesSequentially(TestNG.java:1280)
	at org.testng.TestNG.runSuitesLocally(TestNG.java:1200)
	at org.testng.TestNG.runSuites(TestNG.java:1114)
	at org.testng.TestNG.run(TestNG.java:1082)
	at org.apache.maven.surefire.testng.TestNGExecutor.run(TestNGExecutor.java:308)
	at org.apache.maven.surefire.testng.TestNGXmlTestSuite.execute(TestNGXmlTestSuite.java:71)
	at org.apache.maven.surefire.testng.TestNGProvider.invoke(TestNGProvider.java:113)
	at org.apache.maven.surefire.booter.ForkedBooter.runSuitesInProcess(ForkedBooter.java:385)
	at org.apache.maven.surefire.booter.ForkedBooter.execute(ForkedBooter.java:162)
	at org.apache.maven.surefire.booter.ForkedBooter.run(ForkedBooter.java:507)
	at org.apache.maven.surefire.booter.ForkedBooter.main(ForkedBooter.java:495)
]]></failure>
    <system-out><![CDATA[[INFO ] 2025-06-17 16:16:22.839 {main} SeleniumProj - Browser closed successfully
[DEBUG] 2025-06-17 16:16:22.860 {main} ResolutionCache - Resolution chrome=137 in cache (valid until 16:58:54 17/06/2025 IST)
[DEBUG] 2025-06-17 16:16:22.863 {main} ResolutionCache - Resolution chrome137=137.0.7151.70 in cache (valid until 15:58:54 18/06/2025 IST)
[INFO ] 2025-06-17 16:16:22.863 {main} WebDriverManager - Using chromedriver 137.0.7151.70 (resolved driver for Chrome 137)
[DEBUG] 2025-06-17 16:16:22.874 {main} WebDriverManager - Driver chromedriver 137.0.7151.70 found in cache
[INFO ] 2025-06-17 16:16:22.875 {main} WebDriverManager - Exporting webdriver.chrome.driver as C:\WINDOWS\system32\config\systemprofile\.cache\selenium\chromedriver\win64\137.0.7151.70\chromedriver.exe
[INFO ] 2025-06-17 16:16:23.661 {main} SeleniumProj - Browser launched successfully
[INFO ] 2025-06-17 16:16:27.692 {main} SeleniumProj - Opened URL
]]></system-out>
  </testcase>
  <testcase name="myLogin" classname="TestCaseClasses.VerifyRegistrationadnLogin" time="5.734">
    <system-out><![CDATA[[INFO ] 2025-06-17 16:16:38.846 {main} SeleniumProj - Browser closed successfully
[DEBUG] 2025-06-17 16:16:38.868 {main} ResolutionCache - Resolution chrome=137 in cache (valid until 16:58:54 17/06/2025 IST)
[DEBUG] 2025-06-17 16:16:38.869 {main} ResolutionCache - Resolution chrome137=137.0.7151.70 in cache (valid until 15:58:54 18/06/2025 IST)
[INFO ] 2025-06-17 16:16:38.869 {main} WebDriverManager - Using chromedriver 137.0.7151.70 (resolved driver for Chrome 137)
[DEBUG] 2025-06-17 16:16:38.875 {main} WebDriverManager - Driver chromedriver 137.0.7151.70 found in cache
[INFO ] 2025-06-17 16:16:38.876 {main} WebDriverManager - Exporting webdriver.chrome.driver as C:\WINDOWS\system32\config\systemprofile\.cache\selenium\chromedriver\win64\137.0.7151.70\chromedriver.exe
[INFO ] 2025-06-17 16:16:39.647 {main} SeleniumProj - Browser launched successfully
[INFO ] 2025-06-17 16:16:43.522 {main} SeleniumProj - Opened URL
[INFO ] 2025-06-17 16:16:49.256 {main} SeleniumProj - Lodggedin successfully
]]></system-out>
  </testcase>
  <testcase name="checkProductText" classname="TestCaseClasses.ProductPagetest" time="24.517">
    <system-out><![CDATA[[INFO ] 2025-06-17 16:16:49.257 {main} SeleniumProj - Browser closed successfully
[DEBUG] 2025-06-17 16:16:49.271 {main} ResolutionCache - Resolution chrome=137 in cache (valid until 16:58:54 17/06/2025 IST)
[DEBUG] 2025-06-17 16:16:49.272 {main} ResolutionCache - Resolution chrome137=137.0.7151.70 in cache (valid until 15:58:54 18/06/2025 IST)
[INFO ] 2025-06-17 16:16:49.273 {main} WebDriverManager - Using chromedriver 137.0.7151.70 (resolved driver for Chrome 137)
[DEBUG] 2025-06-17 16:16:49.280 {main} WebDriverManager - Driver chromedriver 137.0.7151.70 found in cache
[INFO ] 2025-06-17 16:16:49.282 {main} WebDriverManager - Exporting webdriver.chrome.driver as C:\WINDOWS\system32\config\systemprofile\.cache\selenium\chromedriver\win64\137.0.7151.70\chromedriver.exe
[INFO ] 2025-06-17 16:16:50.360 {main} SeleniumProj - Browser launched successfully
[INFO ] 2025-06-17 16:16:54.630 {main} SeleniumProj - Opened URL
[INFO ] 2025-06-17 16:17:00.578 {main} SeleniumProj - Lodggedin successfully
]]></system-out>
  </testcase>
</testsuite>