<?xml version="1.0" encoding="UTF-8"?>
<testng-results ignored="0" total="1" passed="1" failed="0" skipped="0">
  <reporter-output>
  </reporter-output>
  <suite started-at="2025-06-17T10:21:11 IST" name="Default suite" finished-at="2025-06-17T10:21:53 IST" duration-ms="41954">
    <groups>
    </groups>
    <test started-at="2025-06-17T10:21:11 IST" name="Default test" finished-at="2025-06-17T10:21:53 IST" duration-ms="41954">
      <class name="TestCaseClasses.ProductPagetest">
        <test-method is-config="true" signature="setup()[pri:0, instance:TestCaseClasses.ProductPagetest@43aaf813]" started-at="2025-06-17T10:21:11 IST" name="setup" finished-at="2025-06-17T10:21:23 IST" duration-ms="11487" status="PASS">
          <reporter-output>
          </reporter-output>
        </test-method> <!-- setup -->
        <test-method signature="checkProductText()[pri:0, instance:TestCaseClasses.ProductPagetest@43aaf813]" started-at="2025-06-17T10:21:23 IST" name="checkProductText" finished-at="2025-06-17T10:21:53 IST" duration-ms="30398" status="PASS">
          <reporter-output>
          </reporter-output>
        </test-method> <!-- checkProductText -->
        <test-method is-config="true" signature="teardown()[pri:0, instance:TestCaseClasses.ProductPagetest@43aaf813]" started-at="2025-06-17T10:21:53 IST" name="teardown" finished-at="2025-06-17T10:21:53 IST" duration-ms="1" status="PASS">
          <reporter-output>
          </reporter-output>
        </test-method> <!-- teardown -->
      </class> <!-- TestCaseClasses.ProductPagetest -->
    </test> <!-- Default test -->
  </suite> <!-- Default suite -->
</testng-results>
